x64\debug\3vortices_recbest.cu.obj
x64\debug\kernels_cublas.cu.obj
x64\debug\shell.cu.obj
c:\users\dovfurman\source\repos\cudaruntime1\x64\debug\cudaruntime1.lib
c:\users\dovfurman\source\repos\cudaruntime1\x64\debug\cudaruntime1.exp
c:\users\dovfurman\source\repos\cudaruntime1\x64\debug\cudaruntime1.ilk
c:\users\dovfurman\source\repos\cudaruntime1\x64\debug\cudaruntime1.exe
c:\users\dovfurman\source\repos\cudaruntime1\x64\debug\cudaruntime1.pdb
c:\users\dovfurman\source\repos\cudaruntime1\x64\debug\3vortices_recbest.cu.cache
c:\users\dovfurman\source\repos\cudaruntime1\x64\debug\kernels_cublas.cu.cache
c:\users\dovfurman\source\repos\cudaruntime1\x64\debug\shell.cu.cache
c:\users\dovfurman\source\repos\cudaruntime1\x64\debug\3vortices_recbest.cu.obj
c:\users\dovfurman\source\repos\cudaruntime1\x64\debug\kernels_cublas.cu.obj
c:\users\dovfurman\source\repos\cudaruntime1\x64\debug\shell.cu.obj
c:\users\dovfurman\source\repos\cudaruntime1\x64\debug\vc142.pdb
c:\users\dovfurman\source\repos\cudaruntime1\x64\debug\cudaruntime1.tlog\cudacompile.read.1u.tlog
c:\users\dovfurman\source\repos\cudaruntime1\x64\debug\cudaruntime1.tlog\cudacompile.write.1u.tlog
c:\users\dovfurman\source\repos\cudaruntime1\x64\debug\cudaruntime1.tlog\cudaruntime1.write.1u.tlog
c:\users\dovfurman\source\repos\cudaruntime1\x64\debug\cudaruntime1.tlog\link.command.1.tlog
c:\users\dovfurman\source\repos\cudaruntime1\x64\debug\cudaruntime1.tlog\link.read.1.tlog
c:\users\dovfurman\source\repos\cudaruntime1\x64\debug\cudaruntime1.tlog\link.write.1.tlog
